2026-06-27 19:11:57  topic='animals with surprising superpowers'  exit=1  duration=277s
2026-06-27 19:26:00  topic='insects that change the world quietly'  exit=1  duration=359s
2026-06-27 20:02:25  topic='how migrating birds find their way'  exit=0  duration=303s
2026-06-27 20:15:52  topic='predators that hunt in unexpected ways'  exit=0  duration=285s
2026-06-27 20:54:19  topic='geological wonders hidden in plain sight'  exit=0  duration=345s
2026-06-28 14:11:30  topic='the deepest hole on Earth and what they found inside'  exit=0  duration=314s
2026-06-29 16:09:21  topic='the lake of death that turns animals into stone'  exit=0  duration=330s
2026-06-30 14:42:16  topic='the underwater volcano that is creating a new island'  exit=0  duration=371s
2026-07-01 15:11:45  topic='the place on Earth where it constantly rains fish'  exit=0  duration=654s
2026-07-02 14:27:51  topic='geological wonders hidden in plain sight'  exit=0  duration=209s
2026-07-03 13:51:38  topic='the killer plant that eats rats alive'  exit=0  duration=221s
2026-07-04 13:56:44  topic='the micro-animal that can survive the vacuum of space'  exit=0  duration=197s
2026-07-05 14:07:58  topic='the bird that can fly for ten months without landing'  exit=0  duration=206s
2026-07-06 15:54:13  topic='the bizarre plant that bleeds red sap when cut'  exit=0  duration=216s
2026-07-07 15:13:05  topic='the massive underground fungus larger than a blue whale'  exit=0  duration=241s
2026-07-08 13:29:52  topic='what is actually living in a single drop of pond water'  exit=0  duration=214s
2026-07-09 15:32:34  topic='insects that quietly rule our ecosystem'  exit=0  duration=220s
2026-07-10 14:50:18  topic='the immortal jellyfish that can live forever'  exit=0  duration=299s
2026-07-11 13:51:58  topic='the zombie fungus that controls insect brains'  exit=0  duration=238s
2026-07-12 13:54:32  topic='the silent animal that shoots super-hot bubbles'  exit=0  duration=246s
